Flow report for VGA
Mon Dec  9 22:52:29 2019
Quartus II 32-bit Version 12.1 Build 177 11/07/2012 SJ Full Version


---------------------
; Table of Contents ;
---------------------
  1. Legal Notice
  2. Flow Summary
  3. Flow Settings
  4. Flow Non-Default Global Settings
  5. Flow Elapsed Time
  6. Flow OS Summary
  7. Flow Log



----------------
; Legal Notice ;
----------------
Copyright (C) 1991-2012 Altera Corporation
Your use of Altera Corporation's design tools, logic functions 
and other software and tools, and its AMPP partner logic 
functions, and any output files from any of the foregoing 
(including device programming or simulation files), and any 
associated documentation or information are expressly subject 
to the terms and conditions of the Altera Program License 
Subscription Agreement, Altera MegaCore Function License 
Agreement, or other applicable license agreement, including, 
without limitation, that your use is for the sole purpose of 
programming logic devices manufactured by Altera and sold by 
Altera or its authorized distributors.  Please refer to the 
applicable agreement for further details.



+--------------------------------------------------------------------------------+
; Flow Summary                                                                   ;
+------------------------------------+-------------------------------------------+
; Flow Status                        ; Successful - Mon Dec  9 22:52:29 2019     ;
; Quartus II 32-bit Version          ; 12.1 Build 177 11/07/2012 SJ Full Version ;
; Revision Name                      ; VGA                                       ;
; Top-level Entity Name              ; VGA                                       ;
; Family                             ; Cyclone II                                ;
; Device                             ; EP2C20F484C7                              ;
; Timing Models                      ; Final                                     ;
; Total logic elements               ; 8,429 / 18,752 ( 45 % )                   ;
;     Total combinational functions  ; 8,400 / 18,752 ( 45 % )                   ;
;     Dedicated logic registers      ; 217 / 18,752 ( 1 % )                      ;
; Total registers                    ; 217                                       ;
; Total pins                         ; 46 / 315 ( 15 % )                         ;
; Total virtual pins                 ; 0                                         ;
; Total memory bits                  ; 0 / 239,616 ( 0 % )                       ;
; Embedded Multiplier 9-bit elements ; 2 / 52 ( 4 % )                            ;
; Total PLLs                         ; 1 / 4 ( 25 % )                            ;
+------------------------------------+-------------------------------------------+


+-----------------------------------------+
; Flow Settings                           ;
+-------------------+---------------------+
; Option            ; Setting             ;
+-------------------+---------------------+
; Start date & time ; 12/09/2019 22:49:36 ;
; Main task         ; Compilation         ;
; Revision Name     ; VGA                 ;
+-------------------+---------------------+


+---------------------------------------------------------------------------------------------------------------------------------------------+
; Flow Non-Default Global Settings                                                                                                            ;
+-------------------------------------+-------------------------------------------------------+---------------+--------------+----------------+
; Assignment Name                     ; Value                                                 ; Default Value ; Entity Name  ; Section Id     ;
+-------------------------------------+-------------------------------------------------------+---------------+--------------+----------------+
; COMPILER_SIGNATURE_ID               ; 0.157594977520739                                     ; --            ; --           ; --             ;
; EDA_OUTPUT_DATA_FORMAT              ; Vhdl                                                  ; --            ; --           ; eda_simulation ;
; EDA_SIMULATION_TOOL                 ; ModelSim-Altera (VHDL)                                ; <None>        ; --           ; --             ;
; IP_TOOL_ENV                         ; Qsys                                                  ; --            ; pll          ; --             ;
; IP_TOOL_ENV                         ; Qsys                                                  ; --            ; pll_altpll_0 ; --             ;
; IP_TOOL_NAME                        ; Qsys                                                  ; --            ; pll          ; --             ;
; IP_TOOL_NAME                        ; altpll                                                ; --            ; pll_altpll_0 ; --             ;
; IP_TOOL_VERSION                     ; 13.0sp1                                               ; --            ; pll          ; --             ;
; IP_TOOL_VERSION                     ; 13.0                                                  ; --            ; pll_altpll_0 ; --             ;
; MAX_CORE_JUNCTION_TEMP              ; 85                                                    ; --            ; --           ; --             ;
; MIN_CORE_JUNCTION_TEMP              ; 0                                                     ; --            ; --           ; --             ;
; MISC_FILE                           ; pll/synthesis/../../pll.cmp                           ; --            ; --           ; --             ;
; MISC_FILE                           ; pll/synthesis/../../pll.qsys                          ; --            ; --           ; --             ;
; PARTITION_COLOR                     ; 16764057                                              ; --            ; --           ; Top            ;
; PARTITION_FITTER_PRESERVATION_LEVEL ; PLACEMENT_AND_ROUTING                                 ; --            ; --           ; Top            ;
; PARTITION_NETLIST_TYPE              ; SOURCE                                                ; --            ; --           ; Top            ;
; POWER_BOARD_THERMAL_MODEL           ; None (CONSERVATIVE)                                   ; --            ; --           ; --             ;
; POWER_PRESET_COOLING_SOLUTION       ; 23 MM HEAT SINK WITH 200 LFPM AIRFLOW                 ; --            ; --           ; --             ;
; PROJECT_OUTPUT_DIRECTORY            ; output_files                                          ; --            ; --           ; --             ;
; SLD_INFO                            ; QSYS_NAME pll HAS_SOPCINFO 1 GENERATION_ID 1376850995 ; --            ; pll          ; --             ;
; SOPCINFO_FILE                       ; pll/synthesis/../../pll.sopcinfo                      ; --            ; --           ; --             ;
; SYNTHESIS_ONLY_QIP                  ; On                                                    ; --            ; --           ; --             ;
+-------------------------------------+-------------------------------------------------------+---------------+--------------+----------------+


+-------------------------------------------------------------------------------------------------------------------------------+
; Flow Elapsed Time                                                                                                             ;
+---------------------------+--------------+-------------------------+---------------------+------------------------------------+
; Module Name               ; Elapsed Time ; Average Processors Used ; Peak Virtual Memory ; Total CPU Time (on all processors) ;
+---------------------------+--------------+-------------------------+---------------------+------------------------------------+
; Analysis & Synthesis      ; 00:02:00     ; 1.0                     ; 431 MB              ; 00:01:59                           ;
; Fitter                    ; 00:00:37     ; 5.5                     ; 561 MB              ; 00:01:12                           ;
; Assembler                 ; 00:00:02     ; 1.0                     ; 343 MB              ; 00:00:02                           ;
; TimeQuest Timing Analyzer ; 00:00:04     ; 1.0                     ; 388 MB              ; 00:00:03                           ;
; EDA Netlist Writer        ; 00:00:04     ; 1.0                     ; 342 MB              ; 00:00:03                           ;
; Total                     ; 00:02:47     ; --                      ; --                  ; 00:03:19                           ;
+---------------------------+--------------+-------------------------+---------------------+------------------------------------+


+---------------------------------------------------------------------------------------------+
; Flow OS Summary                                                                             ;
+---------------------------+------------------+----------------+------------+----------------+
; Module Name               ; Machine Hostname ; OS Name        ; OS Version ; Processor type ;
+---------------------------+------------------+----------------+------------+----------------+
; Analysis & Synthesis      ; dori             ; Ubuntu 18.04.3 ; 18         ; x86_64         ;
; Fitter                    ; dori             ; Ubuntu 18.04.3 ; 18         ; x86_64         ;
; Assembler                 ; dori             ; Ubuntu 18.04.3 ; 18         ; x86_64         ;
; TimeQuest Timing Analyzer ; dori             ; Ubuntu 18.04.3 ; 18         ; x86_64         ;
; EDA Netlist Writer        ; dori             ; Ubuntu 18.04.3 ; 18         ; x86_64         ;
+---------------------------+------------------+----------------+------------+----------------+


------------
; Flow Log ;
------------
quartus_map --read_settings_files=on --write_settings_files=off VGA -c VGA
quartus_fit --read_settings_files=off --write_settings_files=off VGA -c VGA
quartus_asm --read_settings_files=off --write_settings_files=off VGA -c VGA
quartus_sta VGA -c VGA
quartus_eda --read_settings_files=off --write_settings_files=off VGA -c VGA



